e:\vs2022\poject\string\string\x64\debug\vc143.pdb
e:\vs2022\poject\string\string\x64\debug\vc143.idb
e:\vs2022\poject\string\string\x64\debug\test.obj
e:\vs2022\poject\string\string\x64\debug\string.obj
e:\vs2022\poject\string\x64\debug\string.pdb
e:\vs2022\poject\string\string\x64\debug\string.tlog\cl.command.1.tlog
e:\vs2022\poject\string\string\x64\debug\string.tlog\cl.read.1.tlog
e:\vs2022\poject\string\string\x64\debug\string.tlog\cl.write.1.tlog
e:\vs2022\poject\string\string\x64\debug\string.tlog\link-cvtres.read.1.tlog
e:\vs2022\poject\string\string\x64\debug\string.tlog\link-cvtres.write.1.tlog
e:\vs2022\poject\string\string\x64\debug\string.tlog\link-rc.read.1.tlog
e:\vs2022\poject\string\string\x64\debug\string.tlog\link-rc.write.1.tlog
e:\vs2022\poject\string\string\x64\debug\string.tlog\link.4176-cvtres.read.1.tlog
e:\vs2022\poject\string\string\x64\debug\string.tlog\link.4176-cvtres.write.1.tlog
e:\vs2022\poject\string\string\x64\debug\string.tlog\link.4176-rc.read.1.tlog
e:\vs2022\poject\string\string\x64\debug\string.tlog\link.4176-rc.write.1.tlog
e:\vs2022\poject\string\string\x64\debug\string.tlog\link.4176.read.1.tlog
e:\vs2022\poject\string\string\x64\debug\string.tlog\link.4176.read.2.tlog
e:\vs2022\poject\string\string\x64\debug\string.tlog\link.4176.write.1.tlog
e:\vs2022\poject\string\string\x64\debug\string.tlog\link.command.1.tlog
e:\vs2022\poject\string\string\x64\debug\string.tlog\link.read.1.tlog
e:\vs2022\poject\string\string\x64\debug\string.tlog\link.read.2.tlog
e:\vs2022\poject\string\string\x64\debug\string.tlog\link.write.1.tlog
