  test.cpp
E:\VS2022\Poject\stakcqueue\stakcqueue\PriorityQueue.h(53,1): warning C4267: “初始化”: 从“size_t”转换到“int”，可能丢失数据
E:\VS2022\Poject\stakcqueue\stakcqueue\PriorityQueue.h(51): message : 在编译 类 模板 成员函数“void tzx::priority_queue<int,std::vector<T,std::allocator<T>>,std::less<int>>::adjust_down(size_t)”时
          with
          [
              T=int
          ]
E:\VS2022\Poject\stakcqueue\stakcqueue\PriorityQueue.h(84): message : 查看对正在编译的函数 模板 实例化“void tzx::priority_queue<int,std::vector<T,std::allocator<T>>,std::less<int>>::adjust_down(size_t)”的引用
          with
          [
              T=int
          ]
E:\VS2022\Poject\stakcqueue\stakcqueue\test.cpp(58): message : 查看对正在编译的 类 模板 实例化“tzx::priority_queue<int,std::vector<T,std::allocator<T>>,std::less<int>>”的引用
          with
          [
              T=int
          ]
E:\VS2022\Poject\stakcqueue\stakcqueue\PriorityQueue.h(65,1): warning C4267: “=”: 从“size_t”转换到“int”，可能丢失数据
E:\VS2022\Poject\stakcqueue\stakcqueue\PriorityQueue.h(34,1): warning C4267: “初始化”: 从“size_t”转换到“int”，可能丢失数据
E:\VS2022\Poject\stakcqueue\stakcqueue\PriorityQueue.h(32): message : 在编译 类 模板 成员函数“void tzx::priority_queue<int,std::vector<T,std::allocator<T>>,std::less<int>>::adjust_up(size_t)”时
          with
          [
              T=int
          ]
E:\VS2022\Poject\stakcqueue\stakcqueue\PriorityQueue.h(77): message : 查看对正在编译的函数 模板 实例化“void tzx::priority_queue<int,std::vector<T,std::allocator<T>>,std::less<int>>::adjust_up(size_t)”的引用
          with
          [
              T=int
          ]
E:\VS2022\Poject\stakcqueue\stakcqueue\PriorityQueue.h(41,1): warning C4267: “=”: 从“size_t”转换到“int”，可能丢失数据
E:\VS2022\Poject\stakcqueue\stakcqueue\PriorityQueue.h(24,1): warning C4267: “初始化”: 从“size_t”转换到“int”，可能丢失数据
E:\VS2022\Poject\stakcqueue\stakcqueue\test.cpp(78): message : 查看对正在编译的函数 模板 实例化“tzx::priority_queue<int,std::vector<T,std::allocator<T>>,std::less<int>>::priority_queue<int*>(InputIerator,InputIerator)”的引用
          with
          [
              T=int,
              InputIerator=int *
          ]
E:\VS2022\Poject\stakcqueue\stakcqueue\test.cpp(78): message : 查看对正在编译的函数 模板 实例化“tzx::priority_queue<int,std::vector<T,std::allocator<T>>,std::less<int>>::priority_queue<int*>(InputIerator,InputIerator)”的引用
          with
          [
              T=int,
              InputIerator=int *
          ]
  stakcqueue.vcxproj -> E:\VS2022\Poject\stakcqueue\x64\Debug\stakcqueue.exe
